<?xml version="1.0" encoding="UTF-8" ?>
<testsuite tests="1" failures="0" name="com.zaleskix.app.UserDataProcessorTest" time="0.016" errors="0" skipped="0">
    <properties>
        <property name="java.runtime.name" value="Java(TM) SE Runtime Environment"/>
        <property name="sun.boot.library.path" value="C:\Program Files (x86)\Java\jdk1.8.0_161\jre\bin"/>
        <property name="java.vm.version" value="25.161-b12"/>
        <property name="java.vm.vendor" value="Oracle Corporation"/>
        <property name="maven.multiModuleProjectDirectory"
                  value="C:/Users/Daniel_Admin/Desktop/PROJEKTY_MOJE/calc/calculator"/>
        <property name="java.vendor.url" value="http://java.oracle.com/"/>
        <property name="path.separator" value=";"/>
        <property name="guice.disable.misplaced.annotation.check" value="true"/>
        <property name="java.vm.name" value="Java HotSpot(TM) Client VM"/>
        <property name="file.encoding.pkg" value="sun.io"/>
        <property name="user.script" value=""/>
        <property name="user.country" value="PL"/>
        <property name="sun.java.launcher" value="SUN_STANDARD"/>
        <property name="sun.os.patch.level" value=""/>
        <property name="java.vm.specification.name" value="Java Virtual Machine Specification"/>
        <property name="user.dir" value="C:\Users\Daniel_Admin\Desktop\PROJEKTY_MOJE\calc\calculator"/>
        <property name="java.runtime.version" value="1.8.0_161-b12"/>
        <property name="java.awt.graphicsenv" value="sun.awt.Win32GraphicsEnvironment"/>
        <property name="java.endorsed.dirs" value="C:\Program Files (x86)\Java\jdk1.8.0_161\jre\lib\endorsed"/>
        <property name="os.arch" value="x86"/>
        <property name="java.io.tmpdir" value="C:\Users\Daniel_Admin\AppData\Local\Temp\"/>
        <property name="line.separator" value="
"/>
        <property name="java.vm.specification.vendor" value="Oracle Corporation"/>
        <property name="user.variant" value=""/>
        <property name="os.name" value="Windows 8.1"/>
        <property name="classworlds.conf" value="C:/Program Files/MAVEN/apache-maven-3.5.4/bin/m2.conf"/>
        <property name="sun.jnu.encoding" value="Cp1250"/>
        <property name="java.library.path"
                  value="C:\Program Files (x86)\Java\jdk1.8.0_161\bin;C:\Windows\Sun\Java\bin;C:\Windows\system32;C:\Windows;C:\Users\Daniel_Admin\bin;D:\Programy\Git\mingw64\bin;D:\Programy\Git\usr\local\bin;D:\Programy\Git\usr\bin;D:\Programy\Git\usr\bin;D:\Programy\Git\mingw64\bin;D:\Programy\Git\usr\bin;C:\Users\Daniel_Admin\bin;C:\Program Files (x86)\Common Files\Oracle\Java\javapath;C:\ProgramData\Oracle\Java\javapath;C:\Program Files (x86)\NVIDIA Corporation\PhysX\Common;C:\Program Files (x86)\Intel\iCLS Client;C:\Program Files\Intel\iCLS Client;C:\Windows\system32;C:\Windows;C:\Windows\System32\Wbem;C:\Windows\System32\WindowsPowerShell\v1.0;C:\Program Files\Lenovo\Bluetooth Software;C:\Program Files\Lenovo\Bluetooth Software\syswow64;C:\Program Files\Intel\Intel(R) Management Engine Components\DAL;C:\Program Files\Intel\Intel(R) Management Engine Components\IPT;C:\Program Files (x86)\Intel\Intel(R) Management Engine Components\DAL;C:\Program Files (x86)\Intel\Intel(R) Management Engine Components\IPT;C:\Program Files\Intel\WiFi\bin;C:\Program Files\Common Files\Intel\WirelessCommon;C:\Program Files\Microsoft SQL Server\130\Tools\Binn;C:\Program Files\dotnet;D:\Programy\MSN;D:\Programy\Node.js;C:\Program Files (x86)\Java\jdk1.8.0_161\bin;C:\Program Files\MAVEN\apache-maven-3.5.4\bin;D:\Programy\TortoiseGIT\bin;C:\ProgramData\chocolatey\bin;D:\Programy\Git\cmd;C:\Program Files\PuTTY;C:\xampp\php;C:\ProgramData\ComposerSetup\bin;C:\Ruby24-x64\bin;C:\Users\Daniel_Admin\AppData\Local\Programs\Python\Python37\Scripts;C:\Users\Daniel_Admin\AppData\Local\Programs\Python\Python37;C:\Users\Daniel_Admin\AppData\Local\Programs\Python\Launcher;C:\Program Files\Intel\WiFi\bin;C:\Program Files\Common Files\Intel\WirelessCommon;C:\Users\Daniel_Admin\AppData\Roaming\npm;C:\Users\Daniel_Admin\AppData\Local\Pandoc;D:\Programy\docker_tool;C:\Users\Daniel_Admin\AppData\Roaming\Composer\vendor\bin;D:\Programy\Git\usr\bin\vendor_perl;D:\Programy\Git\usr\bin\core_perl;."/>
        <property name="maven.conf" value="C:/Program Files/MAVEN/apache-maven-3.5.4/conf"/>
        <property name="java.specification.name" value="Java Platform API Specification"/>
        <property name="java.class.version" value="52.0"/>
        <property name="sun.management.compiler" value="HotSpot Client Compiler"/>
        <property name="os.version" value="6.3"/>
        <property name="library.jansi.path" value="C:/Program Files/MAVEN/apache-maven-3.5.4/lib/jansi-native"/>
        <property name="user.home" value="C:\Users\Daniel_Admin"/>
        <property name="user.timezone" value="Europe/Belgrade"/>
        <property name="java.awt.printerjob" value="sun.awt.windows.WPrinterJob"/>
        <property name="java.specification.version" value="1.8"/>
        <property name="file.encoding" value="Cp1250"/>
        <property name="user.name" value="Daniel_Admin"/>
        <property name="java.class.path"
                  value="C:/Program Files/MAVEN/apache-maven-3.5.4/boot/plexus-classworlds-2.5.2.jar"/>
        <property name="java.vm.specification.version" value="1.8"/>
        <property name="sun.arch.data.model" value="32"/>
        <property name="java.home" value="C:\Program Files (x86)\Java\jdk1.8.0_161\jre"/>
        <property name="sun.java.command" value="org.codehaus.plexus.classworlds.launcher.Launcher package"/>
        <property name="java.specification.vendor" value="Oracle Corporation"/>
        <property name="user.language" value="pl"/>
        <property name="awt.toolkit" value="sun.awt.windows.WToolkit"/>
        <property name="java.vm.info" value="mixed mode, sharing"/>
        <property name="java.version" value="1.8.0_161"/>
        <property name="java.ext.dirs"
                  value="C:\Program Files (x86)\Java\jdk1.8.0_161\jre\lib\ext;C:\Windows\Sun\Java\lib\ext"/>
        <property name="sun.boot.class.path"
                  value="C:\Program Files (x86)\Java\jdk1.8.0_161\jre\lib\resources.jar;C:\Program Files (x86)\Java\jdk1.8.0_161\jre\lib\rt.jar;C:\Program Files (x86)\Java\jdk1.8.0_161\jre\lib\sunrsasign.jar;C:\Program Files (x86)\Java\jdk1.8.0_161\jre\lib\jsse.jar;C:\Program Files (x86)\Java\jdk1.8.0_161\jre\lib\jce.jar;C:\Program Files (x86)\Java\jdk1.8.0_161\jre\lib\charsets.jar;C:\Program Files (x86)\Java\jdk1.8.0_161\jre\lib\jfr.jar;C:\Program Files (x86)\Java\jdk1.8.0_161\jre\classes"/>
        <property name="sun.stderr.encoding" value="cp852"/>
        <property name="java.vendor" value="Oracle Corporation"/>
        <property name="maven.home" value="C:\Program Files\MAVEN\apache-maven-3.5.4"/>
        <property name="file.separator" value="\"/>
        <property name="java.vendor.url.bug" value="http://bugreport.sun.com/bugreport/"/>
        <property name="sun.cpu.endian" value="little"/>
        <property name="sun.io.unicode.encoding" value="UnicodeLittle"/>
        <property name="sun.stdout.encoding" value="cp852"/>
        <property name="sun.desktop" value="windows"/>
        <property name="sun.cpu.isalist" value="pentium_pro+mmx pentium_pro pentium+mmx pentium i486 i386 i86"/>
    </properties>
    <testcase classname="com.zaleskix.app.UserDataProcessorTest"
              name="shouldReturnListOfInstructionsWithCorrectDataWhenFileIsValid" time="0.016"/>
</testsuite>